<?xml version="1.0" encoding="UTF-8"?>
<!-- Generated by org.testng.reporters.JUnitReportReporter -->
<testsuite skipped="0" hostname="DESKTOP-3V8M909" name="LoginPageTest" tests="1" failures="0" timestamp="29 Aug 2020 06:59:34 GMT" time="24.594" errors="0">
  <testcase name="logindetailstest" time="24.594" classname="LoginPageTest"/>
</testsuite> <!-- LoginPageTest -->
