<?xml version="1.0" encoding="UTF-8"?>
<!-- Generated by org.testng.reporters.JUnitReportReporter -->
<testsuite skipped="0" hostname="DESKTOP-3V8M909" name="LoginPageTest" tests="1" failures="0" timestamp="27 Aug 2020 04:58:24 GMT" time="21.932" errors="0">
  <testcase name="logindetailstest" time="21.932" classname="LoginPageTest"/>
</testsuite> <!-- LoginPageTest -->
