<?xml version="1.0" encoding="UTF-8"?>
<!-- Generated by org.testng.reporters.JUnitReportReporter -->
<testsuite skipped="0" hostname="DESKTOP-3V8M909" name="HomeDashboardTest" tests="1" failures="0" timestamp="29 Aug 2020 06:59:34 GMT" time="49.649" errors="0">
  <testcase name="dashboardDetailsTest" time="49.649" classname="HomeDashboardTest"/>
</testsuite> <!-- HomeDashboardTest -->
