<?xml version="1.0" encoding="UTF-8"?>
<!-- Generated by org.testng.reporters.JUnitReportReporter -->
<testsuite skipped="0" hostname="DESKTOP-3V8M909" name="HomeDashboardTest" tests="1" failures="0" timestamp="20 Aug 2020 14:52:04 GMT" time="44.086" errors="0">
  <testcase name="dashboardDetailsTest" time="44.086" classname="HomeDashboardTest"/>
</testsuite> <!-- HomeDashboardTest -->
