<?xml version="1.0" encoding="UTF-8"?>
<!-- Generated by org.testng.reporters.JUnitReportReporter -->
<testsuite skipped="0" hostname="DESKTOP-3V8M909" name="LoginPageTest" tests="1" failures="0" timestamp="27 Aug 2020 18:18:02 GMT" time="23.838" errors="0">
  <testcase name="logindetailstest" time="23.838" classname="LoginPageTest"/>
</testsuite> <!-- LoginPageTest -->
